app/build/outputs/mapping/release/seeds.txt
m.idevel.hansolhomedeco.R$id: int splash_bg
m.idevel.hansolhomedeco.R$attr: int contentProviderUri
m.idevel.hansolhomedeco.R$styleable: int OnSwipe_dragScale
m.idevel.hansolhomedeco.R$dimen: int px_36
m.idevel.hansolhomedeco.R$attr: int mrl_rippleDelayClick
m.idevel.hansolhomedeco.activity.MainActivity$Companion
m.idevel.hansolhomedeco.R$raw: R$raw()
m.idevel.hansolhomedeco.R$style: int Widget_AppCompat_CompoundButton_RadioButton
m.idevel.hansolhomedeco.R$styleable: int ScrollingViewBehavior_Layout_behavior_overlapTop
m.idevel.hansolhomedeco.R$styleable: int SwitchCompat_trackTint
m.idevel.hansolhomedeco.R$attr: int fontProviderFetchStrategy
m.idevel.hansolhomedeco.R$dimen: int px_1063
m.idevel.hansolhomedeco.utils.NetworkUtilKt: java.lang.String NETWORK_TYPE_ETC
m.idevel.hansolhomedeco.R$styleable: int MotionHelper_onShow
m.idevel.hansolhomedeco.R$string: int msg_alert_no_coin
m.idevel.hansolhomedeco.R$dimen: int m789dp
m.idevel.hansolhomedeco.R$styleable: int ConstraintSet_animateRelativeTo
m.idevel.hansolhomedeco.R$style: int Platform_ThemeOverlay_AppCompat
m.idevel.hansolhomedeco.R$styleable: int ConstraintLayout_Layout_android_paddingRight
m.idevel.hansolhomedeco.R$styleable: int[] TextEffects
m.idevel.hansolhomedeco.R$style: int Widget_Design_BottomNavigationView
m.idevel.hansolhomedeco.broadcast.DataSaverChangeReceiver: void setMListener(m.idevel.hansolhomedeco.interfaces.IDataSaverListener)
m.idevel.hansolhomedeco.utils.SharedPreferencesUtil$Cmd: m.idevel.hansolhomedeco.utils.SharedPreferencesUtil$Cmd PUSH_REG_ID
m.idevel.hansolhomedeco.R$attr: int numericModifiers
m.idevel.hansolhomedeco.R$style: int Base_Widget_AppCompat_CompoundButton_CheckBox
m.idevel.hansolhomedeco.web.constdata.GetAppVersionInfo
m.idevel.hansolhomedeco.R$attr: int thumbTintMode
m.idevel.hansolhomedeco.R$id: int wrap_content_constrained
m.idevel.hansolhomedeco.utils.MessageEvent: MessageEvent()
m.idevel.hansolhomedeco.R$styleable: int TextInputLayout_hintTextAppearance
m.idevel.hansolhomedeco.R$styleable: int TextInputLayout_helperText
m.idevel.hansolhomedeco.R$styleable: int Chip_chipIconTint
m.idevel.hansolhomedeco.activity.DevActivity$showEtcDialog$1: m.idevel.hansolhomedeco.activity.DevActivity$showEtcDialog$1 INSTANCE
m.idevel.hansolhomedeco.R$styleable: int ActionMode_height
m.idevel.hansolhomedeco.R$attr: int motionEffect_translationX
m.idevel.hansolhomedeco.R$dimen: int px_261
m.idevel.hansolhomedeco.R$dimen: int px_292
m.idevel.hansolhomedeco.R$dimen: int m520dp
m.idevel.hansolhomedeco.R$dimen: int px_639
m.idevel.hansolhomedeco.R$styleable: int KeyAttribute_transitionEasing
m.idevel.hansolhomedeco.material.MaterialRippleLayout$RippleBuilder: boolean ripplePersistent
m.idevel.hansolhomedeco.R$styleable: int MotionLabel_android_typeface
m.idevel.hansolhomedeco.R$layout: int abc_action_bar_title_item
m.idevel.hansolhomedeco.R$dimen: int m1035dp
m.idevel.hansolhomedeco.activity.MainActivity$iWebBridgeApi$1$openCamera$1: m.idevel.hansolhomedeco.activity.MainActivity$iWebBridgeApi$1$openCamera$1 INSTANCE
m.idevel.hansolhomedeco.R$attr: int buttonBarButtonStyle
m.idevel.hansolhomedeco.R$layout: int notification_template_big_media_custom
m.idevel.hansolhomedeco.activity.QrcodeScanActivity$registRXListener$1: m.idevel.hansolhomedeco.activity.QrcodeScanActivity$registRXListener$1 INSTANCE
m.idevel.hansolhomedeco.R$styleable: int ConstraintLayout_Layout_layout_constraintHeight_default
m.idevel.hansolhomedeco.R$dimen: int m1177dp
m.idevel.hansolhomedeco.R$styleable: int ConstraintOverride_layout_constraintHorizontal_weight
m.idevel.hansolhomedeco.R$styleable: int ConstraintLayout_Layout_chainUseRtl
m.idevel.hansolhomedeco.R$dimen: int px_170
m.idevel.hansolhomedeco.R$style: int Widget_MaterialComponents_Chip_Choice
m.idevel.hansolhomedeco.R$attr: int actionBarSize
m.idevel.hansolhomedeco.R$style: int TextAppearance_Design_HelperText
m.idevel.hansolhomedeco.R$dimen: int m933dp
m.idevel.hansolhomedeco.R$styleable: int Layout_layout_marginBaseline
...
api.Constants: int APP_FILE_DOWNLOAD_DATA
com.karumi.dexter.R$string: int abc_searchview_description_query
androidx.media.AudioAttributesImplBaseParcelizer: androidx.media.AudioAttributesImplBase read(androidx.versionedparcelable.VersionedParcel)
com.onestore.iap.api.PurchaseClient$8: android.os.Handler val$handler
com.google.android.gms.internal.measurement.zzej: com.google.android.gms.internal.measurement.zzej zza
com.google.firebase.crashlytics.CrashlyticsRegistrar: CrashlyticsRegistrar()
com.onestore.iap.api.PurchaseClient$IapException: com.onestore.iap.api.IapResult mIapResult
com.karumi.dexter.R$styleable: int MaterialButton_iconSize
com.karumi.dexter.R$color: int bright_foreground_disabled_material_light
com.karumi.dexter.R$style: int Base_V28_Theme_AppCompat_Light
com.karumi.dexter.R$color: int mtrl_tabs_colored_ripple_color
com.karumi.dexter.listener.multi.SnackbarOnAnyPermanentlyDeniedMultiplePermissionsListener$Builder: com.karumi.dexter.listener.multi.SnackbarOnAnyPermanentlyDeniedMultiplePermissionsListener$Builder withDuration(int)
com.google.android.gms.internal.measurement.zzfg
com.google.android.gms.internal.measurement.zzfe: com.google.android.gms.internal.measurement.zzfe zza
com.karumi.dexter.R$attr: int contentPaddingTop
androidx.recyclerview.widget.GridLayoutManager
com.karumi.dexter.R$styleable: int Chip_showMotionSpec
com.onestore.iap.api.PurchaseClient$4: java.util.ArrayList val$productIdList
com.bumptech.glide.request.target.CustomTarget: CustomTarget(int,int)
com.onestore.iap.api.BundleProtocol$PurchaseResult: java.lang.String purchaseData
com.karumi.dexter.R$animator: int mtrl_fab_hide_motion_spec
com.karumi.dexter.R$dimen: int design_snackbar_elevation
com.karumi.dexter.R$styleable: int MaterialComponentsTheme_textAppearanceSubtitle1
com.karumi.dexter.R$styleable: int MaterialComponentsTheme_textAppearanceHeadline3
com.karumi.dexter.listener.single.SnackbarOnPermanentlyDeniedPermissionListener: void onPermissionDenied(com.karumi.dexter.listener.PermissionDeniedResponse)
com.karumi.dexter.R$attr: int textAppearanceListItemSecondary
androidx.fragment.app.FragmentActivity: void markFragmentsCreated()
androidx.constraintlayout.core.widgets.ConstraintAnchor$Type: androidx.constraintlayout.core.widgets.ConstraintAnchor$Type[] values()
com.karumi.dexter.R$color: int dim_foreground_disabled_material_dark
com.karumi.dexter.R$string: int abc_action_menu_overflow_description
androidx.appcompat.widget.AppCompatSpinner: int getDropDownWidth()
com.karumi.dexter.R$styleable: int AppBarLayout_elevation
com.karumi.dexter.R$dimen: int mtrl_btn_text_btn_padding_left
com.karumi.dexter.R$drawable: int abc_cab_background_top_material
androidx.constraintlayout.widget.ConstraintLayout: androidx.constraintlayout.widget.SharedValues getSharedValues()
com.karumi.dexter.R$styleable: int Chip_chipBackgroundColor
com.karumi.dexter.R$styleable: int AppCompatTheme_dropdownListPreferredItemHeight
com.onestore.iap.api.PurchaseClient$1
com.karumi.dexter.listener.multi.SnackbarOnAnyDeniedMultiplePermissionsListener$Builder: android.view.View$OnClickListener onClickListener
com.karumi.dexter.R$drawable: int ic_mtrl_chip_close_circle
com.karumi.dexter.R$styleable: int AppCompatTextView_textAllCaps
com.google.android.gms.measurement.internal.zzlo: android.os.Parcelable$Creator CREATOR
androidx.appcompat.widget.AbsActionBarView: void setContentHeight(int)
androidx.appcompat.widget.AppCompatButton
com.karumi.dexter.R$attr: int hintEnabled
com.google.android.gms.internal.measurement.zzfm: java.lang.String zzl
com.karumi.dexter.R$style: int Base_Widget_AppCompat_ActionBar_Solid
com.onestore.iap.api.IapResult: boolean equalCode(int)
com.karumi.dexter.R$style: int Base_TextAppearance_AppCompat_Widget_ActionMode_Subtitle
androidx.vectordrawable.graphics.drawable.VectorDrawableCompat$VFullPath: void setStrokeAlpha(float)
com.karumi.dexter.R$styleable: int Chip_closeIconEnabled
com.onestore.iap.api.PurchaseClient$7: int val$apiVersion