app/build/outputs/mapping/release/usage.txt
com.google.firebase.installations.interop.R$attr
io.reactivex.exceptions.Exceptions:
    private void <init>()
    public static java.lang.RuntimeException propagate(java.lang.Throwable)
org.simpleframework.xml.core.FieldScanner$FieldKey
io.reactivex.internal.operators.observable.ObservableRepeat$RepeatObserver
com.google.android.datatransport.runtime.dagger.MembersInjector
com.bumptech.glide.load.resource.bitmap.LazyBitmapDrawableResource:
    public static com.bumptech.glide.load.resource.bitmap.LazyBitmapDrawableResource obtain(android.content.Context,android.graphics.Bitmap)
    public static com.bumptech.glide.load.resource.bitmap.LazyBitmapDrawableResource obtain(android.content.res.Resources,com.bumptech.glide.load.engine.bitmap_recycle.BitmapPool,android.graphics.Bitmap)
com.google.android.gms.measurement.api.AppMeasurementSdk$EventInterceptor
com.google.android.gms.common.internal.IAccountAccessor$Stub:
    public void <init>()
    protected final boolean zza(int,android.os.Parcel,android.os.Parcel,int)
io.reactivex.internal.operators.observable.ObservableGroupBy$State
kotlin.collections.ArraysKt___ArraysKt$withIndex$3
io.reactivex.internal.operators.observable.ObservableLastMaybe
io.reactivex.Observable:
    public static io.reactivex.Observable amb(java.lang.Iterable)
    public static varargs io.reactivex.Observable ambArray(io.reactivex.ObservableSource[])
    public static int bufferSize()
    public static varargs io.reactivex.Observable combineLatest(io.reactivex.functions.Function,int,io.reactivex.ObservableSource[])
    public static io.reactivex.Observable combineLatest(java.lang.Iterable,io.reactivex.functions.Function)
    public static io.reactivex.Observable combineLatest(java.lang.Iterable,io.reactivex.functions.Function,int)
    public static io.reactivex.Observable combineLatest(io.reactivex.ObservableSource[],io.reactivex.functions.Function)
    public static io.reactivex.Observable combineLatest(io.reactivex.ObservableSource[],io.reactivex.functions.Function,int)
    public static io.reactivex.Observable combineLatest(io.reactivex.ObservableSource,io.reactivex.ObservableSource,io.reactivex.functions.BiFunction)
    public static io.reactivex.Observable combineLatest(io.reactivex.ObservableSource,io.reactivex.ObservableSource,io.reactivex.ObservableSource,io.reactivex.functions.Function3)
    public static io.reactivex.Observable combineLatest(io.reactivex.ObservableSource,io.reactivex.ObservableSource,io.reactivex.ObservableSource,io.reactivex.ObservableSource,io.reactivex.functions.Function4)
com.google.android.material.bottomnavigation.BottomNavigationView$1
androidx.annotation.InspectableProperty
kotlin.io.OnErrorAction
com.google.firebase.components.Component:
    public static com.google.firebase.components.Component of(java.lang.Class,java.lang.Object)
    private static synthetic java.lang.Object lambda$of$0(java.lang.Object,com.google.firebase.components.ComponentContainer)
    public boolean isLazy()
com.google.android.gms.common.zaa
com.bumptech.glide.request.FutureTarget
org.simpleframework.xml.core.SignatureCreator
com.google.android.gms.common.api.zad
io.reactivex.internal.operators.observable.ObservableUnsubscribeOn
com.google.firebase.heartbeatinfo.HeartBeatConsumerComponent:
    private void <init>()
kotlin.jvm.internal.LocalVariableReferencesKt
org.simpleframework.xml.stream.InputNodeMap
io.reactivex.observers.BaseTestConsumer$TestWaitStrategy
com.google.android.gms.dynamic.zza
org.simpleframework.xml.core.Session
io.reactivex.internal.operators.maybe.MaybeZipArray$ZipCoordinator
org.simpleframework.xml.core.ExtractorFactory$ExtractorBuilder